0 info it worked if it ends with ok
1 verbose cli [ '/Users/mikesolomon/.nvm/v0.11.16/bin/node',
1 verbose cli   '/Users/mikesolomon/.nvm/v0.11.16/bin/npm',
1 verbose cli   'install' ]
2 info using npm@2.3.0
3 info using node@v0.11.16
4 error install Couldn't read dependencies
5 verbose stack Error: ENOENT, open '/Users/mikesolomon/whatsinthekeg/package.json'
5 verbose stack     at Error (native)
6 verbose cwd /Users/mikesolomon/whatsinthekeg
7 error Darwin 14.3.0
8 error argv "/Users/mikesolomon/.nvm/v0.11.16/bin/node" "/Users/mikesolomon/.nvm/v0.11.16/bin/npm" "install"
9 error node v0.11.16
10 error npm  v2.3.0
11 error path /Users/mikesolomon/whatsinthekeg/package.json
12 error code ENOPACKAGEJSON
13 error errno -2
14 error package.json ENOENT, open '/Users/mikesolomon/whatsinthekeg/package.json'
14 error package.json This is most likely not a problem with npm itself.
14 error package.json npm can't find a package.json file in your current directory.
15 verbose exit [ -2, true ]
